The module 'react' was not found. Next.js requires that you include it in 'dependencies' of your 'package.json'. To add it, run 'npm install react'
The module 'react-dom' was not found. Next.js requires that you include it in 'dependencies' of your 'package.json'. To add it, run 'npm install react-dom'
  ▲ Next.js 14.2.4
  - Local:        http://localhost:3000

 ✓ Starting...
 ✓ Ready in 469ms
^CThe module 'react' was not found. Next.js requires that you include it in 'dependencies' of your 'package.json'. To add it, run 'npm install react'
The module 'react-dom' was not found. Next.js requires that you include it in 'dependencies' of your 'package.json'. To add it, run 'npm install react-dom'
  ▲ Next.js 14.2.4
  - Local:        http://localhost:3000

 ✓ Starting...
 ✓ Ready in 673ms
 ⨯ Error: Cannot find module 'D:\react_nextjs_pro\my-app\.next\server\app\page.js'
Require stack:
- C:\Users\a1337\AppData\Roaming\npm\node_modules\next\dist\server\require.js
- C:\Users\a1337\AppData\Roaming\npm\node_modules\next\dist\server\next-server.js
- C:\Users\a1337\AppData\Roaming\npm\node_modules\next\dist\server\next.js
- C:\Users\a1337\AppData\Roaming\npm\node_modules\next\dist\server\lib\start-server.js
- C:\Users\a1337\AppData\Roaming\npm\node_modules\next\dist\cli\next-start.js
    at Module._resolveFilename (node:internal/modules/cjs/loader:1134:15)
    at C:\Users\a1337\AppData\Roaming\npm\node_modules\next\dist\server\require-hook.js:55:36
    at Module._load (node:internal/modules/cjs/loader:975:27)
    at Module.require (node:internal/modules/cjs/loader:1225:19)
    at mod.require (C:\Users\a1337\AppData\Roaming\npm\node_modules\next\dist\server\require-hook.js:65:28)
    at require (node:internal/modules/helpers:177:18)
    at requirePage (C:\Users\a1337\AppData\Roaming\npm\node_modules\next\dist\server\require.js:109:84)
    at C:\Users\a1337\AppData\Roaming\npm\node_modules\next\dist\server\load-components.js:98:84
    at async loadComponentsImpl (C:\Users\a1337\AppData\Roaming\npm\node_modules\next\dist\server\load-components.js:98:26)
    at async NextNodeServer.findPageComponentsImpl (C:\Users\a1337\AppData\Roaming\npm\node_modules\next\dist\server\next-server.js:710:36) {
  code: 'MODULE_NOT_FOUND',
  requireStack: [
    'C:\\Users\\a1337\\AppData\\Roaming\\npm\\node_modules\\next\\dist\\server\\require.js',
    'C:\\Users\\a1337\\AppData\\Roaming\\npm\\node_modules\\next\\dist\\server\\next-server.js',
    'C:\\Users\\a1337\\AppData\\Roaming\\npm\\node_modules\\next\\dist\\server\\next.js',
    'C:\\Users\\a1337\\AppData\\Roaming\\npm\\node_modules\\next\\dist\\server\\lib\\start-server.js',
    'C:\\Users\\a1337\\AppData\\Roaming\\npm\\node_modules\\next\\dist\\cli\\next-start.js'
  ]
}
 ⨯ Error: ENOENT: no such file or directory, open 'D:\react_nextjs_pro\my-app\.next\server\pages\_document.js'
    at Object.openSync (node:fs:596:3)
    at Object.readFileSync (node:fs:464:35)
    at Module._extensions..js (node:internal/modules/cjs/loader:1377:18)
    at Module.load (node:internal/modules/cjs/loader:1197:32)
    at Module._load (node:internal/modules/cjs/loader:1013:12)
    at Module.require (node:internal/modules/cjs/loader:1225:19)
    at mod.require (C:\Users\a1337\AppData\Roaming\npm\node_modules\next\dist\server\require-hook.js:65:28)
    at require (node:internal/modules/helpers:177:18)
    at requirePage (C:\Users\a1337\AppData\Roaming\npm\node_modules\next\dist\server\require.js:109:84)
    at C:\Users\a1337\AppData\Roaming\npm\node_modules\next\dist\server\load-components.js:72:65 {
  errno: -4058,
  syscall: 'open',
  code: 'ENOENT',
  path: 'D:\\react_nextjs_pro\\my-app\\.next\\server\\pages\\_document.js'
}
